<?xml version="1.0" encoding="UTF-8"?>
<robot generator="Robot 4.0.3 (Python 3.8.10 on win32)" generated="20210708 17:15:52.318" rpa="false" schemaversion="2">
<suite id="s1" name="Login Tests" source="C:\Nightwatch\RobotFramework1\WebDemo\login_tests">
<suite id="s1-s1" name="Gherkin Login" source="C:\Nightwatch\RobotFramework1\WebDemo\login_tests\gherkin_login.robot">
<test id="s1-s1-t1" name="Valid Login">
<kw name="Given browser is opened to login page">
<kw name="Open Browser To Login Page" library="resource">
<kw name="Open Browser" library="SeleniumLibrary">
<arg>${LOGIN URL}</arg>
<arg>${BROWSER}</arg>
<doc>Opens a new browser instance to the optional ``url``.</doc>
<msg timestamp="20210708 17:15:52.709" level="INFO">Opening browser 'Chrome' to base url 'http://localhost:7272/'.</msg>
<kw name="Capture Page Screenshot" library="SeleniumLibrary">
<doc>Takes a screenshot of the current page and embeds it into a log file.</doc>
<msg timestamp="20210708 17:15:52.827" level="INFO">Cannot capture screenshot because no browser is open.</msg>
<status status="PASS" starttime="20210708 17:15:52.827" endtime="20210708 17:15:52.827"/>
</kw>
<msg timestamp="20210708 17:15:52.831" level="FAIL">WebDriverException: Message: 'chromedriver' executable needs to be in PATH. Please see https://sites.google.com/a/chromium.org/chromedriver/home
</msg>
<status status="FAIL" starttime="20210708 17:15:52.708" endtime="20210708 17:15:52.831"/>
</kw>
<kw name="Maximize Browser Window" library="SeleniumLibrary">
<doc>Maximizes current browser window.</doc>
<status status="NOT RUN" starttime="20210708 17:15:52.831" endtime="20210708 17:15:52.831"/>
</kw>
<kw name="Set Selenium Speed" library="SeleniumLibrary">
<arg>${DELAY}</arg>
<doc>Sets the delay that is waited after each Selenium command.</doc>
<status status="NOT RUN" starttime="20210708 17:15:52.832" endtime="20210708 17:15:52.832"/>
</kw>
<kw name="Login Page Should Be Open" library="resource">
<status status="NOT RUN" starttime="20210708 17:15:52.832" endtime="20210708 17:15:52.832"/>
</kw>
<status status="FAIL" starttime="20210708 17:15:52.708" endtime="20210708 17:15:52.832"/>
</kw>
<status status="FAIL" starttime="20210708 17:15:52.707" endtime="20210708 17:15:52.832"/>
</kw>
<kw name="When user &quot;demo&quot; logs in with password &quot;mode&quot;" sourcename="User &quot;${username}&quot; logs in with password &quot;${password}&quot;">
<status status="NOT RUN" starttime="20210708 17:15:52.833" endtime="20210708 17:15:52.833"/>
</kw>
<kw name="Then welcome page should be open" library="resource">
<status status="NOT RUN" starttime="20210708 17:15:52.834" endtime="20210708 17:15:52.834"/>
</kw>
<kw name="Close Browser" library="SeleniumLibrary" type="TEARDOWN">
<doc>Closes the current browser.</doc>
<status status="PASS" starttime="20210708 17:15:52.835" endtime="20210708 17:15:52.835"/>
</kw>
<status status="FAIL" starttime="20210708 17:15:52.706" endtime="20210708 17:15:52.835">WebDriverException: Message: 'chromedriver' executable needs to be in PATH. Please see https://sites.google.com/a/chromium.org/chromedriver/home
</status>
</test>
<doc>A test suite with a single Gherkin style test.

This test is functionally identical to the example in
valid_login.robot file.</doc>
<status status="FAIL" starttime="20210708 17:15:52.363" endtime="20210708 17:15:52.838"/>
</suite>
<suite id="s1-s2" name="Invalid Login" source="C:\Nightwatch\RobotFramework1\WebDemo\login_tests\invalid_login.robot">
<kw name="Open Browser To Login Page" library="resource" type="SETUP">
<kw name="Open Browser" library="SeleniumLibrary">
<arg>${LOGIN URL}</arg>
<arg>${BROWSER}</arg>
<doc>Opens a new browser instance to the optional ``url``.</doc>
<msg timestamp="20210708 17:15:52.849" level="INFO">Opening browser 'Chrome' to base url 'http://localhost:7272/'.</msg>
<kw name="Capture Page Screenshot" library="SeleniumLibrary">
<doc>Takes a screenshot of the current page and embeds it into a log file.</doc>
<msg timestamp="20210708 17:15:52.854" level="INFO">Cannot capture screenshot because no browser is open.</msg>
<status status="PASS" starttime="20210708 17:15:52.853" endtime="20210708 17:15:52.854"/>
</kw>
<msg timestamp="20210708 17:15:52.856" level="FAIL">WebDriverException: Message: 'chromedriver' executable needs to be in PATH. Please see https://sites.google.com/a/chromium.org/chromedriver/home
</msg>
<status status="FAIL" starttime="20210708 17:15:52.848" endtime="20210708 17:15:52.856"/>
</kw>
<kw name="Maximize Browser Window" library="SeleniumLibrary">
<doc>Maximizes current browser window.</doc>
<status status="NOT RUN" starttime="20210708 17:15:52.856" endtime="20210708 17:15:52.856"/>
</kw>
<kw name="Set Selenium Speed" library="SeleniumLibrary">
<arg>${DELAY}</arg>
<doc>Sets the delay that is waited after each Selenium command.</doc>
<status status="NOT RUN" starttime="20210708 17:15:52.857" endtime="20210708 17:15:52.857"/>
</kw>
<kw name="Login Page Should Be Open" library="resource">
<status status="NOT RUN" starttime="20210708 17:15:52.857" endtime="20210708 17:15:52.857"/>
</kw>
<status status="FAIL" starttime="20210708 17:15:52.848" endtime="20210708 17:15:52.857"/>
</kw>
<test id="s1-s2-t1" name="Invalid Username">
<status status="FAIL" starttime="20210708 17:15:52.858" endtime="20210708 17:15:52.859">Parent suite setup failed:
WebDriverException: Message: 'chromedriver' executable needs to be in PATH. Please see https://sites.google.com/a/chromium.org/chromedriver/home
</status>
</test>
<test id="s1-s2-t2" name="Invalid Password">
<status status="FAIL" starttime="20210708 17:15:52.861" endtime="20210708 17:15:52.862">Parent suite setup failed:
WebDriverException: Message: 'chromedriver' executable needs to be in PATH. Please see https://sites.google.com/a/chromium.org/chromedriver/home
</status>
</test>
<test id="s1-s2-t3" name="Invalid Username And Password">
<status status="FAIL" starttime="20210708 17:15:52.864" endtime="20210708 17:15:52.865">Parent suite setup failed:
WebDriverException: Message: 'chromedriver' executable needs to be in PATH. Please see https://sites.google.com/a/chromium.org/chromedriver/home
</status>
</test>
<test id="s1-s2-t4" name="Empty Username">
<status status="FAIL" starttime="20210708 17:15:52.868" endtime="20210708 17:15:52.869">Parent suite setup failed:
WebDriverException: Message: 'chromedriver' executable needs to be in PATH. Please see https://sites.google.com/a/chromium.org/chromedriver/home
</status>
</test>
<test id="s1-s2-t5" name="Empty Password">
<status status="FAIL" starttime="20210708 17:15:52.871" endtime="20210708 17:15:52.873">Parent suite setup failed:
WebDriverException: Message: 'chromedriver' executable needs to be in PATH. Please see https://sites.google.com/a/chromium.org/chromedriver/home
</status>
</test>
<test id="s1-s2-t6" name="Empty Username And Password">
<status status="FAIL" starttime="20210708 17:15:52.878" endtime="20210708 17:15:52.880">Parent suite setup failed:
WebDriverException: Message: 'chromedriver' executable needs to be in PATH. Please see https://sites.google.com/a/chromium.org/chromedriver/home
</status>
</test>
<kw name="Close Browser" library="SeleniumLibrary" type="TEARDOWN">
<doc>Closes the current browser.</doc>
<status status="PASS" starttime="20210708 17:15:52.882" endtime="20210708 17:15:52.883"/>
</kw>
<doc>A test suite containing tests related to invalid login.

These tests are data-driven by their nature. They use a single
keyword, specified with Test Template setting, that is called
with different arguments to cover different scenarios.

This suite also demonstrates using setups and teardowns in
different levels.</doc>
<status status="FAIL" starttime="20210708 17:15:52.840" endtime="20210708 17:15:52.883">Suite setup failed:
WebDriverException: Message: 'chromedriver' executable needs to be in PATH. Please see https://sites.google.com/a/chromium.org/chromedriver/home
</status>
</suite>
<suite id="s1-s3" name="Test" source="C:\Nightwatch\RobotFramework1\WebDemo\login_tests\Test.robot">
<test id="s1-s3-t1" name="First Test cases">
<kw name="Open calculator">
<kw name="Open Application" library="AppiumLibrary">
<arg>${REMOTE_URL}</arg>
<arg>platformName=${PLATFORM_NAME}</arg>
<arg>platformVersion=${PLATFORM_VERSION}</arg>
<arg>deviceName=${DEVICE_NAME}</arg>
<arg>automationName=UiAutomator2</arg>
<arg>newCommandTimeout=2500</arg>
<arg>appActivity=${Activity_NAME}</arg>
<arg>appPackage=${PACKAGE_NAME}</arg>
<doc>Opens a new application to given Appium server.
Capabilities of appium server, Android and iOS,
Please check https://github.com/appium/appium/blob/master/docs/en/writing-running-appium/server-args.md
| *Option*            | *Man.* | *Description*     |
| remote_url          | Yes    | Appium server url |
| alias               | no     | alias             |</doc>
<status status="PASS" starttime="20210708 17:15:53.043" endtime="20210708 17:16:38.494"/>
</kw>
<status status="PASS" starttime="20210708 17:15:53.043" endtime="20210708 17:16:38.494"/>
</kw>
<kw name="Click Element" library="AppiumLibrary">
<arg>xpath=//android.widget.Button[contains(@text,'6')]</arg>
<doc>Click element identified by `locator`.</doc>
<msg timestamp="20210708 17:16:38.501" level="INFO">Clicking element 'xpath=//android.widget.Button[contains(@text,'6')]'.</msg>
<status status="PASS" starttime="20210708 17:16:38.495" endtime="20210708 17:16:40.726"/>
</kw>
<kw name="Click Element" library="AppiumLibrary">
<arg>xpath=//android.widget.Button[contains(@text,'+')]</arg>
<doc>Click element identified by `locator`.</doc>
<msg timestamp="20210708 17:16:40.733" level="INFO">Clicking element 'xpath=//android.widget.Button[contains(@text,'+')]'.</msg>
<status status="PASS" starttime="20210708 17:16:40.726" endtime="20210708 17:16:42.454"/>
</kw>
<kw name="Click Element" library="AppiumLibrary">
<arg>xpath=//android.widget.Button[contains(@text,'4')]</arg>
<doc>Click element identified by `locator`.</doc>
<msg timestamp="20210708 17:16:42.467" level="INFO">Clicking element 'xpath=//android.widget.Button[contains(@text,'4')]'.</msg>
<status status="PASS" starttime="20210708 17:16:42.459" endtime="20210708 17:16:43.660"/>
</kw>
<kw name="Click Element" library="AppiumLibrary">
<arg>xpath=//android.widget.Button[contains(@text,'=')]</arg>
<doc>Click element identified by `locator`.</doc>
<msg timestamp="20210708 17:16:43.667" level="INFO">Clicking element 'xpath=//android.widget.Button[contains(@text,'=')]'.</msg>
<status status="PASS" starttime="20210708 17:16:43.661" endtime="20210708 17:16:45.051"/>
</kw>
<status status="PASS" starttime="20210708 17:15:53.042" endtime="20210708 17:16:45.053"/>
</test>
<status status="PASS" starttime="20210708 17:15:52.886" endtime="20210708 17:16:45.056"/>
</suite>
<suite id="s1-s4" name="Valid Login" source="C:\Nightwatch\RobotFramework1\WebDemo\login_tests\valid_login.robot">
<test id="s1-s4-t1" name="Valid Login">
<kw name="Open Browser To Login Page" library="resource">
<kw name="Open Browser" library="SeleniumLibrary">
<arg>${LOGIN URL}</arg>
<arg>${BROWSER}</arg>
<doc>Opens a new browser instance to the optional ``url``.</doc>
<msg timestamp="20210708 17:16:45.077" level="INFO">Opening browser 'Chrome' to base url 'http://localhost:7272/'.</msg>
<kw name="Capture Page Screenshot" library="SeleniumLibrary">
<doc>Takes a screenshot of the current page and embeds it into a log file.</doc>
<msg timestamp="20210708 17:16:45.083" level="INFO">Cannot capture screenshot because no browser is open.</msg>
<status status="PASS" starttime="20210708 17:16:45.083" endtime="20210708 17:16:45.083"/>
</kw>
<msg timestamp="20210708 17:16:45.086" level="FAIL">WebDriverException: Message: 'chromedriver' executable needs to be in PATH. Please see https://sites.google.com/a/chromium.org/chromedriver/home
</msg>
<status status="FAIL" starttime="20210708 17:16:45.076" endtime="20210708 17:16:45.086"/>
</kw>
<kw name="Maximize Browser Window" library="SeleniumLibrary">
<doc>Maximizes current browser window.</doc>
<status status="NOT RUN" starttime="20210708 17:16:45.086" endtime="20210708 17:16:45.096"/>
</kw>
<kw name="Set Selenium Speed" library="SeleniumLibrary">
<arg>${DELAY}</arg>
<doc>Sets the delay that is waited after each Selenium command.</doc>
<status status="NOT RUN" starttime="20210708 17:16:45.097" endtime="20210708 17:16:45.097"/>
</kw>
<kw name="Login Page Should Be Open" library="resource">
<status status="NOT RUN" starttime="20210708 17:16:45.098" endtime="20210708 17:16:45.098"/>
</kw>
<status status="FAIL" starttime="20210708 17:16:45.075" endtime="20210708 17:16:45.099"/>
</kw>
<kw name="Input Username" library="resource">
<arg>demo</arg>
<status status="NOT RUN" starttime="20210708 17:16:45.178" endtime="20210708 17:16:45.178"/>
</kw>
<kw name="Input Password" library="resource">
<arg>mode</arg>
<status status="NOT RUN" starttime="20210708 17:16:45.184" endtime="20210708 17:16:45.186"/>
</kw>
<kw name="Submit Credentials" library="resource">
<status status="NOT RUN" starttime="20210708 17:16:45.252" endtime="20210708 17:16:45.252"/>
</kw>
<kw name="Welcome Page Should Be Open" library="resource">
<status status="NOT RUN" starttime="20210708 17:16:45.269" endtime="20210708 17:16:45.269"/>
</kw>
<kw name="Close Browser" library="SeleniumLibrary" type="TEARDOWN">
<doc>Closes the current browser.</doc>
<status status="PASS" starttime="20210708 17:16:45.276" endtime="20210708 17:16:45.277"/>
</kw>
<status status="FAIL" starttime="20210708 17:16:45.074" endtime="20210708 17:16:45.280">WebDriverException: Message: 'chromedriver' executable needs to be in PATH. Please see https://sites.google.com/a/chromium.org/chromedriver/home
</status>
</test>
<doc>A test suite with a single test for valid login.

This test has a workflow that is created using keywords in
the imported resource file.</doc>
<status status="FAIL" starttime="20210708 17:16:45.060" endtime="20210708 17:16:45.288"/>
</suite>
<status status="FAIL" starttime="20210708 17:15:52.321" endtime="20210708 17:16:45.292"/>
</suite>
<statistics>
<total>
<stat pass="1" fail="8" skip="0">All Tests</stat>
</total>
<tag>
</tag>
<suite>
<stat pass="1" fail="8" skip="0" id="s1" name="Login Tests">Login Tests</stat>
<stat pass="0" fail="1" skip="0" id="s1-s1" name="Gherkin Login">Login Tests.Gherkin Login</stat>
<stat pass="0" fail="6" skip="0" id="s1-s2" name="Invalid Login">Login Tests.Invalid Login</stat>
<stat pass="1" fail="0" skip="0" id="s1-s3" name="Test">Login Tests.Test</stat>
<stat pass="0" fail="1" skip="0" id="s1-s4" name="Valid Login">Login Tests.Valid Login</stat>
</suite>
</statistics>
<errors>
</errors>
</robot>
